2023-04-20 03:35:54,840 - INFO - proc_request: Incoming call to info with {}
2023-04-20 03:35:54,840 - INFO - proc_request: Incoming call to architype_count with {'kind': 'node'}
2023-04-20 03:35:54,843 - INFO - log_request_stats: API call to [32minfo[m completed in [33m0.001 seconds[m touched [33m2[m mem / [33m0[m redis / [33m0[m db  ([33m0.2kb[m) and saving [33m0[m objects.
2023-04-20 03:35:54,922 - INFO - log_request_stats: API call to [32marchitype_count[m completed in [33m0.078 seconds[m touched [33m15[m mem / [33m0[m redis / [33m14[m db  ([33m0.6kb[m) and saving [33m0[m objects.
2023-04-20 03:35:54,950 - INFO - proc_request: Incoming call to architype_count with {'kind': 'graph'}
2023-04-20 03:35:54,962 - INFO - proc_request: Incoming call to architype_count with {'kind': 'edge'}
2023-04-20 03:35:54,980 - INFO - proc_request: Incoming call to architype_count with {'kind': 'walker'}
2023-04-20 03:35:55,187 - INFO - log_request_stats: API call to [32marchitype_count[m completed in [33m0.236 seconds[m touched [33m15[m mem / [33m0[m redis / [33m14[m db  ([33m0.6kb[m) and saving [33m0[m objects.
2023-04-20 03:35:55,236 - INFO - log_request_stats: API call to [32marchitype_count[m completed in [33m0.254 seconds[m touched [33m15[m mem / [33m0[m redis / [33m14[m db  ([33m0.6kb[m) and saving [33m0[m objects.
2023-04-20 03:35:55,270 - INFO - log_request_stats: API call to [32marchitype_count[m completed in [33m0.290 seconds[m touched [33m15[m mem / [33m0[m redis / [33m14[m db  ([33m0.6kb[m) and saving [33m0[m objects.
2023-04-20 03:35:56,562 - INFO - proc_request: Incoming call to graph_active_get with {}
2023-04-20 03:35:56,582 - INFO - log_request_stats: API call to [32mgraph_active_get[m completed in [33m0.019 seconds[m touched [33m5[m mem / [33m0[m redis / [33m4[m db  ([33m0.2kb[m) and saving [33m0[m objects.
2023-04-20 03:35:56,770 - INFO - proc_request: Incoming call to graph_node_view with {'nd': 'urn:uuid:096b2132-316d-40c7-9e51-8b8e98fd4acd', 'show_edges': True, 'detailed': True}
2023-04-20 03:35:56,780 - INFO - proc_request: Incoming call to graph_list with {}
2023-04-20 03:35:56,785 - INFO - proc_request: Incoming call to graph_node_view with {'nd': 'urn:uuid:096b2132-316d-40c7-9e51-8b8e98fd4acd', 'show_edges': True, 'detailed': True}
2023-04-20 03:35:56,801 - INFO - log_request_stats: API call to [32mgraph_node_view[m completed in [33m0.030 seconds[m touched [33m7[m mem / [33m0[m redis / [33m4[m db  ([33m0.4kb[m) and saving [33m1[m objects.
2023-04-20 03:35:56,813 - INFO - proc_request: Incoming call to master_allusers with {'search': '', 'offset': 0, 'limit': 10}
2023-04-20 03:35:56,838 - INFO - log_request_stats: API call to [32mgraph_list[m completed in [33m0.055 seconds[m touched [33m5[m mem / [33m0[m redis / [33m4[m db  ([33m0.2kb[m) and saving [33m0[m objects.
2023-04-20 03:35:56,842 - INFO - log_request_stats: API call to [32mmaster_allusers[m completed in [33m0.027 seconds[m touched [33m2[m mem / [33m0[m redis / [33m1[m db  ([33m0.2kb[m) and saving [33m0[m objects.
2023-04-20 03:35:56,841 - INFO - log_request_stats: API call to [32mgraph_node_view[m completed in [33m0.045 seconds[m touched [33m7[m mem / [33m0[m redis / [33m4[m db  ([33m0.4kb[m) and saving [33m1[m objects.
2023-04-20 03:35:57,352 - INFO - proc_request: Incoming call to walker_list with {}
2023-04-20 03:35:57,415 - INFO - log_request_stats: API call to [32mwalker_list[m completed in [33m0.062 seconds[m touched [33m15[m mem / [33m0[m redis / [33m14[m db  ([33m0.6kb[m) and saving [33m0[m objects.
2023-04-20 03:35:57,775 - INFO - proc_request: Incoming call to alias_list with {}
2023-04-20 03:35:57,780 - INFO - log_request_stats: API call to [32malias_list[m completed in [33m0.005 seconds[m touched [33m2[m mem / [33m0[m redis / [33m1[m db  ([33m0.2kb[m) and saving [33m0[m objects.
2023-04-20 03:35:57,999 - INFO - proc_request: Incoming call to graph_node_view with {'nd': 'urn:uuid:096b2132-316d-40c7-9e51-8b8e98fd4acd', 'show_edges': True, 'detailed': True}
2023-04-20 03:35:58,011 - INFO - log_request_stats: API call to [32mgraph_node_view[m completed in [33m0.012 seconds[m touched [33m7[m mem / [33m0[m redis / [33m4[m db  ([33m0.4kb[m) and saving [33m1[m objects.
2023-04-20 03:37:47,467 - INFO - proc_request: Incoming call to master_allusers with {'search': '', 'offset': 0, 'limit': 10}
2023-04-20 03:37:47,478 - INFO - log_request_stats: API call to [32mmaster_allusers[m completed in [33m0.007 seconds[m touched [33m2[m mem / [33m0[m redis / [33m1[m db  ([33m0.2kb[m) and saving [33m0[m objects.
2023-04-20 03:37:51,475 - INFO - proc_request: Incoming call to master_allusers with {'search': '', 'offset': 0, 'limit': 10}
2023-04-20 03:37:51,488 - INFO - log_request_stats: API call to [32mmaster_allusers[m completed in [33m0.010 seconds[m touched [33m2[m mem / [33m0[m redis / [33m1[m db  ([33m0.2kb[m) and saving [33m0[m objects.
2023-04-20 03:37:58,335 - INFO - proc_request: Incoming call to sentinel_register with {'set_active': True, 'mode': 'ir', 'code': '{"gram_hash": "dd880c56f0150d356a7208bbac4facf6", "ir": {"name": "start", "kid": [{"name": "element", "kid": [{"name": "architype", "kid": [{"name": "KW_EDGE", "kid": [], "loc": [2, 0, "graph.jac", {"token": {"sy
2023-04-20 03:37:58,896 - INFO - log_request_stats: API call to [32msentinel_register[m completed in [33m0.560 seconds[m touched [33m18[m mem / [33m0[m redis / [33m17[m db  ([33m0.6kb[m) and saving [33m17[m objects.
2023-04-20 03:38:13,493 - INFO - proc_request: Incoming call to graph_list with {'output': '', 'detailed': False}
2023-04-20 03:38:13,510 - INFO - log_request_stats: API call to [32mgraph_list[m completed in [33m0.017 seconds[m touched [33m5[m mem / [33m0[m redis / [33m4[m db  ([33m0.2kb[m) and saving [33m0[m objects.
2023-04-20 03:38:23,042 - INFO - proc_request: Incoming call to graph_delete with {'gph': 'urn:uuid:096b2132-316d-40c7-9e51-8b8e98fd4acd', 'output': ''}
2023-04-20 03:38:23,097 - INFO - log_request_stats: API call to [32mgraph_delete[m completed in [33m0.052 seconds[m touched [33m4[m mem / [33m0[m redis / [33m4[m db  ([33m0.4kb[m) and saving [33m3[m objects.
2023-04-20 03:38:29,732 - INFO - proc_request: Incoming call to graph_create with {'output': '', 'set_active': True}
2023-04-20 03:38:29,748 - INFO - log_request_stats: API call to [32mgraph_create[m completed in [33m0.015 seconds[m touched [33m5[m mem / [33m0[m redis / [33m3[m db  ([33m0.2kb[m) and saving [33m2[m objects.
2023-04-20 03:38:31,801 - INFO - proc_request: Incoming call to master_allusers with {'search': '', 'offset': 0, 'limit': 10}
2023-04-20 03:38:31,810 - INFO - log_request_stats: API call to [32mmaster_allusers[m completed in [33m0.009 seconds[m touched [33m2[m mem / [33m0[m redis / [33m1[m db  ([33m0.2kb[m) and saving [33m0[m objects.
2023-04-20 03:38:33,012 - INFO - proc_request: Incoming call to graph_active_get with {}
2023-04-20 03:38:33,013 - INFO - proc_request: Incoming call to master_allusers with {'search': '', 'offset': 0, 'limit': 10}
2023-04-20 03:38:33,035 - INFO - log_request_stats: API call to [32mmaster_allusers[m completed in [33m0.020 seconds[m touched [33m2[m mem / [33m0[m redis / [33m1[m db  ([33m0.2kb[m) and saving [33m0[m objects.
2023-04-20 03:38:33,052 - INFO - log_request_stats: API call to [32mgraph_active_get[m completed in [33m0.038 seconds[m touched [33m5[m mem / [33m0[m redis / [33m4[m db  ([33m0.2kb[m) and saving [33m0[m objects.
2023-04-20 03:38:33,174 - INFO - proc_request: Incoming call to graph_node_view with {'nd': 'urn:uuid:2254ab5c-e579-435d-ae74-413b221edcfc', 'show_edges': True, 'detailed': True}
2023-04-20 03:38:33,180 - INFO - proc_request: Incoming call to graph_node_view with {'nd': 'urn:uuid:2254ab5c-e579-435d-ae74-413b221edcfc', 'show_edges': True, 'detailed': True}
2023-04-20 03:38:33,204 - INFO - proc_request: Incoming call to graph_list with {}
2023-04-20 03:38:33,207 - INFO - log_request_stats: API call to [32mgraph_node_view[m completed in [33m0.021 seconds[m touched [33m3[m mem / [33m0[m redis / [33m2[m db  ([33m0.2kb[m) and saving [33m0[m objects.
2023-04-20 03:38:33,211 - INFO - log_request_stats: API call to [32mgraph_node_view[m completed in [33m0.035 seconds[m touched [33m3[m mem / [33m0[m redis / [33m2[m db  ([33m0.2kb[m) and saving [33m0[m objects.
2023-04-20 03:38:33,245 - INFO - log_request_stats: API call to [32mgraph_list[m completed in [33m0.033 seconds[m touched [33m5[m mem / [33m0[m redis / [33m4[m db  ([33m0.2kb[m) and saving [33m0[m objects.
2023-04-20 03:38:33,346 - INFO - proc_request: Incoming call to walker_list with {}
2023-04-20 03:38:33,459 - INFO - log_request_stats: API call to [32mwalker_list[m completed in [33m0.113 seconds[m touched [33m15[m mem / [33m0[m redis / [33m14[m db  ([33m0.6kb[m) and saving [33m0[m objects.
2023-04-20 03:38:33,600 - INFO - proc_request: Incoming call to alias_list with {}
2023-04-20 03:38:33,606 - INFO - log_request_stats: API call to [32malias_list[m completed in [33m0.005 seconds[m touched [33m2[m mem / [33m0[m redis / [33m1[m db  ([33m0.2kb[m) and saving [33m0[m objects.
2023-04-20 03:38:33,696 - INFO - proc_request: Incoming call to graph_node_view with {'nd': 'urn:uuid:2254ab5c-e579-435d-ae74-413b221edcfc', 'show_edges': True, 'detailed': True}
2023-04-20 03:38:33,706 - INFO - log_request_stats: API call to [32mgraph_node_view[m completed in [33m0.009 seconds[m touched [33m3[m mem / [33m0[m redis / [33m2[m db  ([33m0.2kb[m) and saving [33m0[m objects.
2023-04-20 03:41:56,468 - INFO - proc_request: Incoming call to master_allusers with {'search': '', 'offset': 0, 'limit': 10}
2023-04-20 03:41:56,501 - INFO - log_request_stats: API call to [32mmaster_allusers[m completed in [33m0.030 seconds[m touched [33m2[m mem / [33m0[m redis / [33m1[m db  ([33m0.2kb[m) and saving [33m0[m objects.
2023-04-20 03:41:57,820 - INFO - proc_request: Incoming call to master_allusers with {'search': '', 'offset': 0, 'limit': 10}
2023-04-20 03:41:57,827 - INFO - log_request_stats: API call to [32mmaster_allusers[m completed in [33m0.006 seconds[m touched [33m2[m mem / [33m0[m redis / [33m1[m db  ([33m0.2kb[m) and saving [33m0[m objects.
2023-04-20 03:41:57,834 - INFO - proc_request: Incoming call to graph_active_get with {}
2023-04-20 03:41:57,851 - INFO - log_request_stats: API call to [32mgraph_active_get[m completed in [33m0.016 seconds[m touched [33m5[m mem / [33m0[m redis / [33m4[m db  ([33m0.2kb[m) and saving [33m0[m objects.
2023-04-20 03:41:58,032 - INFO - proc_request: Incoming call to graph_node_view with {'nd': 'urn:uuid:2254ab5c-e579-435d-ae74-413b221edcfc', 'show_edges': True, 'detailed': True}
2023-04-20 03:41:58,044 - INFO - log_request_stats: API call to [32mgraph_node_view[m completed in [33m0.011 seconds[m touched [33m3[m mem / [33m0[m redis / [33m2[m db  ([33m0.2kb[m) and saving [33m0[m objects.
2023-04-20 03:41:58,047 - INFO - proc_request: Incoming call to graph_node_view with {'nd': 'urn:uuid:2254ab5c-e579-435d-ae74-413b221edcfc', 'show_edges': True, 'detailed': True}
2023-04-20 03:41:58,055 - INFO - log_request_stats: API call to [32mgraph_node_view[m completed in [33m0.007 seconds[m touched [33m3[m mem / [33m0[m redis / [33m2[m db  ([33m0.2kb[m) and saving [33m0[m objects.
2023-04-20 03:41:58,151 - INFO - proc_request: Incoming call to graph_list with {}
2023-04-20 03:41:58,188 - INFO - log_request_stats: API call to [32mgraph_list[m completed in [33m0.035 seconds[m touched [33m5[m mem / [33m0[m redis / [33m4[m db  ([33m0.2kb[m) and saving [33m0[m objects.
2023-04-20 03:41:58,406 - INFO - proc_request: Incoming call to walker_list with {}
2023-04-20 03:41:58,647 - INFO - log_request_stats: API call to [32mwalker_list[m completed in [33m0.241 seconds[m touched [33m15[m mem / [33m0[m redis / [33m14[m db  ([33m0.6kb[m) and saving [33m0[m objects.
2023-04-20 03:41:58,743 - INFO - proc_request: Incoming call to alias_list with {}
2023-04-20 03:41:58,749 - INFO - log_request_stats: API call to [32malias_list[m completed in [33m0.006 seconds[m touched [33m2[m mem / [33m0[m redis / [33m1[m db  ([33m0.2kb[m) and saving [33m0[m objects.
2023-04-20 03:41:58,888 - INFO - proc_request: Incoming call to graph_node_view with {'nd': 'urn:uuid:2254ab5c-e579-435d-ae74-413b221edcfc', 'show_edges': True, 'detailed': True}
2023-04-20 03:41:58,897 - INFO - log_request_stats: API call to [32mgraph_node_view[m completed in [33m0.009 seconds[m touched [33m3[m mem / [33m0[m redis / [33m2[m db  ([33m0.2kb[m) and saving [33m0[m objects.
2023-04-20 03:42:10,665 - INFO - proc_request: Incoming call to graph_active_get with {}
2023-04-20 03:42:10,682 - INFO - log_request_stats: API call to [32mgraph_active_get[m completed in [33m0.017 seconds[m touched [33m5[m mem / [33m0[m redis / [33m4[m db  ([33m0.2kb[m) and saving [33m0[m objects.
2023-04-20 03:42:10,831 - INFO - proc_request: Incoming call to master_allusers with {'search': '', 'offset': 0, 'limit': 10}
2023-04-20 03:42:10,843 - INFO - log_request_stats: API call to [32mmaster_allusers[m completed in [33m0.012 seconds[m touched [33m2[m mem / [33m0[m redis / [33m1[m db  ([33m0.2kb[m) and saving [33m0[m objects.
2023-04-20 03:42:10,847 - INFO - proc_request: Incoming call to graph_node_view with {'nd': 'urn:uuid:2254ab5c-e579-435d-ae74-413b221edcfc', 'show_edges': True, 'detailed': True}
2023-04-20 03:42:10,863 - INFO - log_request_stats: API call to [32mgraph_node_view[m completed in [33m0.009 seconds[m touched [33m3[m mem / [33m0[m redis / [33m2[m db  ([33m0.2kb[m) and saving [33m0[m objects.
2023-04-20 03:42:10,867 - INFO - proc_request: Incoming call to graph_node_view with {'nd': 'urn:uuid:2254ab5c-e579-435d-ae74-413b221edcfc', 'show_edges': True, 'detailed': True}
2023-04-20 03:42:10,876 - INFO - log_request_stats: API call to [32mgraph_node_view[m completed in [33m0.007 seconds[m touched [33m3[m mem / [33m0[m redis / [33m2[m db  ([33m0.2kb[m) and saving [33m0[m objects.
2023-04-20 03:42:10,950 - INFO - proc_request: Incoming call to graph_list with {}
2023-04-20 03:42:10,967 - INFO - log_request_stats: API call to [32mgraph_list[m completed in [33m0.017 seconds[m touched [33m5[m mem / [33m0[m redis / [33m4[m db  ([33m0.2kb[m) and saving [33m0[m objects.
2023-04-20 03:42:11,231 - INFO - proc_request: Incoming call to walker_list with {}
2023-04-20 03:42:11,292 - INFO - log_request_stats: API call to [32mwalker_list[m completed in [33m0.061 seconds[m touched [33m15[m mem / [33m0[m redis / [33m14[m db  ([33m0.6kb[m) and saving [33m0[m objects.
2023-04-20 03:42:11,413 - INFO - proc_request: Incoming call to alias_list with {}
2023-04-20 03:42:11,419 - INFO - log_request_stats: API call to [32malias_list[m completed in [33m0.005 seconds[m touched [33m2[m mem / [33m0[m redis / [33m1[m db  ([33m0.2kb[m) and saving [33m0[m objects.
2023-04-20 03:42:11,602 - INFO - proc_request: Incoming call to graph_node_view with {'nd': 'urn:uuid:2254ab5c-e579-435d-ae74-413b221edcfc', 'show_edges': True, 'detailed': True}
2023-04-20 03:42:11,610 - INFO - log_request_stats: API call to [32mgraph_node_view[m completed in [33m0.008 seconds[m touched [33m3[m mem / [33m0[m redis / [33m2[m db  ([33m0.2kb[m) and saving [33m0[m objects.
2023-04-20 03:42:15,483 - INFO - proc_request: Incoming call to object_get with {'obj': 'urn:uuid:2da59f25-a796-45c2-89eb-ae327f7b7d50', 'detailed': True}
2023-04-20 03:42:15,489 - INFO - log_request_stats: API call to [32mobject_get[m completed in [33m0.005 seconds[m touched [33m2[m mem / [33m0[m redis / [33m1[m db  ([33m0.2kb[m) and saving [33m0[m objects.
2023-04-20 03:42:50,998 - INFO - proc_request: Incoming call to graph_list with {'output': '', 'detailed': False}
2023-04-20 03:42:51,015 - INFO - log_request_stats: API call to [32mgraph_list[m completed in [33m0.017 seconds[m touched [33m5[m mem / [33m0[m redis / [33m4[m db  ([33m0.2kb[m) and saving [33m0[m objects.
2023-04-20 03:43:01,268 - INFO - proc_request: Incoming call to graph_delete with {'gph': 'urn:uuid:2254ab5c-e579-435d-ae74-413b221edcfc', 'output': ''}
2023-04-20 03:43:01,304 - INFO - log_request_stats: API call to [32mgraph_delete[m completed in [33m0.036 seconds[m touched [33m2[m mem / [33m0[m redis / [33m2[m db  ([33m0.2kb[m) and saving [33m1[m objects.
2023-04-20 03:43:11,512 - INFO - proc_request: Incoming call to sentinel_register with {'set_active': True, 'mode': 'ir', 'code': '{"gram_hash": "dd880c56f0150d356a7208bbac4facf6", "ir": {"name": "start", "kid": [{"name": "element", "kid": [{"name": "architype", "kid": [{"name": "KW_EDGE", "kid": [], "loc": [2, 0, "graph.jac", {"token": {"sy
2023-04-20 03:43:12,047 - INFO - log_request_stats: API call to [32msentinel_register[m completed in [33m0.534 seconds[m touched [33m18[m mem / [33m0[m redis / [33m17[m db  ([33m0.6kb[m) and saving [33m17[m objects.
2023-04-20 03:43:17,773 - INFO - proc_request: Incoming call to graph_create with {'output': '', 'set_active': True}
2023-04-20 03:43:17,788 - INFO - log_request_stats: API call to [32mgraph_create[m completed in [33m0.014 seconds[m touched [33m5[m mem / [33m0[m redis / [33m3[m db  ([33m0.2kb[m) and saving [33m2[m objects.
2023-04-20 03:43:19,986 - INFO - proc_request: Incoming call to master_allusers with {'search': '', 'offset': 0, 'limit': 10}
2023-04-20 03:43:19,995 - INFO - log_request_stats: API call to [32mmaster_allusers[m completed in [33m0.008 seconds[m touched [33m2[m mem / [33m0[m redis / [33m1[m db  ([33m0.2kb[m) and saving [33m0[m objects.
2023-04-20 03:43:21,076 - INFO - proc_request: Incoming call to graph_active_get with {}
2023-04-20 03:43:21,097 - INFO - log_request_stats: API call to [32mgraph_active_get[m completed in [33m0.020 seconds[m touched [33m5[m mem / [33m0[m redis / [33m4[m db  ([33m0.2kb[m) and saving [33m0[m objects.
2023-04-20 03:43:21,103 - INFO - proc_request: Incoming call to master_allusers with {'search': '', 'offset': 0, 'limit': 10}
2023-04-20 03:43:21,110 - INFO - log_request_stats: API call to [32mmaster_allusers[m completed in [33m0.006 seconds[m touched [33m2[m mem / [33m0[m redis / [33m1[m db  ([33m0.2kb[m) and saving [33m0[m objects.
2023-04-20 03:43:21,246 - INFO - proc_request: Incoming call to graph_node_view with {'nd': 'urn:uuid:37d62460-3fa0-4b1b-87ac-26708361eabf', 'show_edges': True, 'detailed': True}
2023-04-20 03:43:21,255 - INFO - log_request_stats: API call to [32mgraph_node_view[m completed in [33m0.009 seconds[m touched [33m3[m mem / [33m0[m redis / [33m2[m db  ([33m0.2kb[m) and saving [33m0[m objects.
2023-04-20 03:43:21,261 - INFO - proc_request: Incoming call to graph_node_view with {'nd': 'urn:uuid:37d62460-3fa0-4b1b-87ac-26708361eabf', 'show_edges': True, 'detailed': True}
2023-04-20 03:43:21,273 - INFO - log_request_stats: API call to [32mgraph_node_view[m completed in [33m0.012 seconds[m touched [33m3[m mem / [33m0[m redis / [33m2[m db  ([33m0.2kb[m) and saving [33m0[m objects.
2023-04-20 03:43:21,276 - INFO - proc_request: Incoming call to graph_list with {}
2023-04-20 03:43:21,296 - INFO - log_request_stats: API call to [32mgraph_list[m completed in [33m0.019 seconds[m touched [33m5[m mem / [33m0[m redis / [33m4[m db  ([33m0.2kb[m) and saving [33m0[m objects.
2023-04-20 03:43:21,416 - INFO - proc_request: Incoming call to walker_list with {}
2023-04-20 03:43:21,513 - INFO - log_request_stats: API call to [32mwalker_list[m completed in [33m0.097 seconds[m touched [33m15[m mem / [33m0[m redis / [33m14[m db  ([33m0.6kb[m) and saving [33m0[m objects.
2023-04-20 03:43:21,619 - INFO - proc_request: Incoming call to alias_list with {}
2023-04-20 03:43:21,625 - INFO - log_request_stats: API call to [32malias_list[m completed in [33m0.006 seconds[m touched [33m2[m mem / [33m0[m redis / [33m1[m db  ([33m0.2kb[m) and saving [33m0[m objects.
2023-04-20 03:43:21,828 - INFO - proc_request: Incoming call to graph_node_view with {'nd': 'urn:uuid:37d62460-3fa0-4b1b-87ac-26708361eabf', 'show_edges': True, 'detailed': True}
2023-04-20 03:43:21,837 - INFO - log_request_stats: API call to [32mgraph_node_view[m completed in [33m0.009 seconds[m touched [33m3[m mem / [33m0[m redis / [33m2[m db  ([33m0.2kb[m) and saving [33m0[m objects.
2023-04-20 03:43:40,763 - INFO - proc_request: Incoming call to sentinel_register with {'set_active': True, 'mode': 'ir', 'code': '{"gram_hash": "dd880c56f0150d356a7208bbac4facf6", "ir": {"name": "start", "kid": [{"name": "element", "kid": [{"name": "architype", "kid": [{"name": "KW_EDGE", "kid": [], "loc": [2, 0, "graph1.jac", {"token": {"s
2023-04-20 03:43:40,801 - INFO - log_request_stats: API call to [32msentinel_register[m completed in [33m0.037 seconds[m touched [33m23[m mem / [33m0[m redis / [33m3[m db  ([33m1.1kb[m) and saving [33m20[m objects.
2023-04-20 03:43:42,685 - INFO - proc_request: Incoming call to master_allusers with {'search': '', 'offset': 0, 'limit': 10}
2023-04-20 03:43:42,702 - INFO - log_request_stats: API call to [32mmaster_allusers[m completed in [33m0.012 seconds[m touched [33m2[m mem / [33m0[m redis / [33m1[m db  ([33m0.2kb[m) and saving [33m0[m objects.
2023-04-20 03:43:43,572 - INFO - proc_request: Incoming call to graph_active_get with {}
2023-04-20 03:43:43,591 - INFO - log_request_stats: API call to [32mgraph_active_get[m completed in [33m0.019 seconds[m touched [33m5[m mem / [33m0[m redis / [33m4[m db  ([33m0.2kb[m) and saving [33m0[m objects.
2023-04-20 03:43:43,599 - INFO - proc_request: Incoming call to master_allusers with {'search': '', 'offset': 0, 'limit': 10}
2023-04-20 03:43:43,605 - INFO - log_request_stats: API call to [32mmaster_allusers[m completed in [33m0.006 seconds[m touched [33m2[m mem / [33m0[m redis / [33m1[m db  ([33m0.2kb[m) and saving [33m0[m objects.
2023-04-20 03:43:43,673 - INFO - proc_request: Incoming call to graph_node_view with {'nd': 'urn:uuid:84fe5912-fc6e-4d4b-ab37-8c9ba4853061', 'show_edges': True, 'detailed': True}
2023-04-20 03:43:43,681 - INFO - log_request_stats: API call to [32mgraph_node_view[m completed in [33m0.008 seconds[m touched [33m3[m mem / [33m0[m redis / [33m2[m db  ([33m0.2kb[m) and saving [33m0[m objects.
2023-04-20 03:43:43,691 - INFO - proc_request: Incoming call to graph_node_view with {'nd': 'urn:uuid:84fe5912-fc6e-4d4b-ab37-8c9ba4853061', 'show_edges': True, 'detailed': True}
2023-04-20 03:43:43,701 - INFO - log_request_stats: API call to [32mgraph_node_view[m completed in [33m0.010 seconds[m touched [33m3[m mem / [33m0[m redis / [33m2[m db  ([33m0.2kb[m) and saving [33m0[m objects.
2023-04-20 03:43:43,706 - INFO - proc_request: Incoming call to graph_list with {}
2023-04-20 03:43:43,726 - INFO - log_request_stats: API call to [32mgraph_list[m completed in [33m0.020 seconds[m touched [33m6[m mem / [33m0[m redis / [33m5[m db  ([33m0.4kb[m) and saving [33m0[m objects.
2023-04-20 03:43:43,871 - INFO - proc_request: Incoming call to walker_list with {}
2023-04-20 03:43:43,945 - INFO - log_request_stats: API call to [32mwalker_list[m completed in [33m0.073 seconds[m touched [33m17[m mem / [33m0[m redis / [33m16[m db  ([33m0.6kb[m) and saving [33m0[m objects.
2023-04-20 03:43:44,053 - INFO - proc_request: Incoming call to alias_list with {}
2023-04-20 03:43:44,059 - INFO - log_request_stats: API call to [32malias_list[m completed in [33m0.006 seconds[m touched [33m2[m mem / [33m0[m redis / [33m1[m db  ([33m0.2kb[m) and saving [33m0[m objects.
2023-04-20 03:43:44,160 - INFO - proc_request: Incoming call to graph_node_view with {'nd': 'urn:uuid:84fe5912-fc6e-4d4b-ab37-8c9ba4853061', 'show_edges': True, 'detailed': True}
2023-04-20 03:43:44,169 - INFO - log_request_stats: API call to [32mgraph_node_view[m completed in [33m0.008 seconds[m touched [33m3[m mem / [33m0[m redis / [33m2[m db  ([33m0.2kb[m) and saving [33m0[m objects.
2023-04-20 03:43:55,385 - INFO - proc_request: Incoming call to walker_run with {'name': 'create_familytree', 'nd': 'urn:uuid:84fe5912-fc6e-4d4b-ab37-8c9ba4853061', 'snt': 'urn:uuid:e90961d0-d29c-4af1-b357-e734c7539b08', 'ctx': {'': ''}}
2023-04-20 03:43:55,465 - INFO - log_request_stats: API call to [32mwalker_run[m completed in [33m0.079 seconds[m touched [33m35[m mem / [33m0[m redis / [33m13[m db  ([33m1.1kb[m) and saving [33m8[m objects.
2023-04-20 03:43:55,943 - INFO - proc_request: Incoming call to graph_node_view with {'nd': 'urn:uuid:84fe5912-fc6e-4d4b-ab37-8c9ba4853061', 'show_edges': True, 'detailed': True}
2023-04-20 03:43:55,956 - INFO - log_request_stats: API call to [32mgraph_node_view[m completed in [33m0.013 seconds[m touched [33m7[m mem / [33m0[m redis / [33m4[m db  ([33m0.4kb[m) and saving [33m1[m objects.
2023-04-20 03:44:04,312 - INFO - proc_request: Incoming call to walker_run with {'name': 'find_coming_birthday', 'nd': 'urn:uuid:84fe5912-fc6e-4d4b-ab37-8c9ba4853061', 'snt': 'urn:uuid:e90961d0-d29c-4af1-b357-e734c7539b08', 'ctx': {'': ''}}
2023-04-20 03:44:04,425 - INFO - log_request_stats: API call to [32mwalker_run[m completed in [33m0.112 seconds[m touched [33m39[m mem / [33m0[m redis / [33m24[m db  ([33m1.1kb[m) and saving [33m8[m objects.
2023-04-20 03:44:04,699 - INFO - proc_request: Incoming call to graph_node_view with {'nd': 'urn:uuid:84fe5912-fc6e-4d4b-ab37-8c9ba4853061', 'show_edges': True, 'detailed': True}
2023-04-20 03:44:04,711 - INFO - log_request_stats: API call to [32mgraph_node_view[m completed in [33m0.012 seconds[m touched [33m7[m mem / [33m0[m redis / [33m4[m db  ([33m0.4kb[m) and saving [33m1[m objects.
2023-04-20 03:44:06,721 - INFO - proc_request: Incoming call to graph_node_view with {'nd': 'urn:uuid:74838746-6ba1-4459-a6fb-46bc2c17d5c8', 'show_edges': True, 'detailed': True}
2023-04-20 03:44:06,733 - INFO - log_request_stats: API call to [32mgraph_node_view[m completed in [33m0.013 seconds[m touched [33m7[m mem / [33m0[m redis / [33m4[m db  ([33m0.4kb[m) and saving [33m1[m objects.
2023-04-20 03:44:16,813 - INFO - proc_request: Incoming call to walker_run with {'name': 'find_minors', 'nd': 'urn:uuid:84fe5912-fc6e-4d4b-ab37-8c9ba4853061', 'snt': 'urn:uuid:e90961d0-d29c-4af1-b357-e734c7539b08', 'ctx': {'': ''}}
2023-04-20 03:44:16,903 - INFO - log_request_stats: API call to [32mwalker_run[m completed in [33m0.090 seconds[m touched [33m40[m mem / [33m0[m redis / [33m25[m db  ([33m1.1kb[m) and saving [33m8[m objects.
2023-04-20 03:44:17,126 - INFO - proc_request: Incoming call to graph_node_view with {'nd': 'urn:uuid:74838746-6ba1-4459-a6fb-46bc2c17d5c8', 'show_edges': True, 'detailed': True}
2023-04-20 03:44:17,139 - INFO - log_request_stats: API call to [32mgraph_node_view[m completed in [33m0.012 seconds[m touched [33m7[m mem / [33m0[m redis / [33m4[m db  ([33m0.4kb[m) and saving [33m1[m objects.
2023-04-20 03:44:20,023 - INFO - proc_request: Incoming call to graph_active_get with {}
2023-04-20 03:44:20,042 - INFO - log_request_stats: API call to [32mgraph_active_get[m completed in [33m0.018 seconds[m touched [33m5[m mem / [33m0[m redis / [33m4[m db  ([33m0.2kb[m) and saving [33m0[m objects.
2023-04-20 03:44:20,143 - INFO - proc_request: Incoming call to master_allusers with {'search': '', 'offset': 0, 'limit': 10}
2023-04-20 03:44:20,153 - INFO - log_request_stats: API call to [32mmaster_allusers[m completed in [33m0.010 seconds[m touched [33m2[m mem / [33m0[m redis / [33m1[m db  ([33m0.2kb[m) and saving [33m0[m objects.
2023-04-20 03:44:20,157 - INFO - proc_request: Incoming call to graph_node_view with {'nd': 'urn:uuid:84fe5912-fc6e-4d4b-ab37-8c9ba4853061', 'show_edges': True, 'detailed': True}
2023-04-20 03:44:20,177 - INFO - log_request_stats: API call to [32mgraph_node_view[m completed in [33m0.017 seconds[m touched [33m7[m mem / [33m0[m redis / [33m4[m db  ([33m0.4kb[m) and saving [33m1[m objects.
2023-04-20 03:44:20,180 - INFO - proc_request: Incoming call to graph_list with {}
2023-04-20 03:44:20,203 - INFO - log_request_stats: API call to [32mgraph_list[m completed in [33m0.022 seconds[m touched [33m6[m mem / [33m0[m redis / [33m5[m db  ([33m0.4kb[m) and saving [33m0[m objects.
2023-04-20 03:44:20,216 - INFO - proc_request: Incoming call to graph_node_view with {'nd': 'urn:uuid:84fe5912-fc6e-4d4b-ab37-8c9ba4853061', 'show_edges': True, 'detailed': True}
2023-04-20 03:44:20,228 - INFO - log_request_stats: API call to [32mgraph_node_view[m completed in [33m0.012 seconds[m touched [33m7[m mem / [33m0[m redis / [33m4[m db  ([33m0.4kb[m) and saving [33m1[m objects.
2023-04-20 03:44:20,317 - INFO - proc_request: Incoming call to walker_list with {}
2023-04-20 03:44:20,387 - INFO - log_request_stats: API call to [32mwalker_list[m completed in [33m0.070 seconds[m touched [33m17[m mem / [33m0[m redis / [33m16[m db  ([33m0.6kb[m) and saving [33m0[m objects.
2023-04-20 03:44:20,484 - INFO - proc_request: Incoming call to alias_list with {}
2023-04-20 03:44:20,489 - INFO - log_request_stats: API call to [32malias_list[m completed in [33m0.005 seconds[m touched [33m2[m mem / [33m0[m redis / [33m1[m db  ([33m0.2kb[m) and saving [33m0[m objects.
2023-04-20 03:44:20,588 - INFO - proc_request: Incoming call to graph_node_view with {'nd': 'urn:uuid:84fe5912-fc6e-4d4b-ab37-8c9ba4853061', 'show_edges': True, 'detailed': True}
2023-04-20 03:44:20,604 - INFO - log_request_stats: API call to [32mgraph_node_view[m completed in [33m0.016 seconds[m touched [33m7[m mem / [33m0[m redis / [33m4[m db  ([33m0.4kb[m) and saving [33m1[m objects.
2023-04-20 03:44:22,571 - INFO - proc_request: Incoming call to graph_node_view with {'nd': 'urn:uuid:74838746-6ba1-4459-a6fb-46bc2c17d5c8', 'show_edges': True, 'detailed': True}
2023-04-20 03:44:22,584 - INFO - log_request_stats: API call to [32mgraph_node_view[m completed in [33m0.012 seconds[m touched [33m7[m mem / [33m0[m redis / [33m4[m db  ([33m0.4kb[m) and saving [33m1[m objects.
2023-04-20 03:44:27,891 - INFO - proc_request: Incoming call to graph_node_view with {'nd': 'urn:uuid:423cc0c0-b02b-4f5d-af49-be081c592ced', 'show_edges': True, 'detailed': True}
2023-04-20 03:44:27,911 - INFO - log_request_stats: API call to [32mgraph_node_view[m completed in [33m0.019 seconds[m touched [33m13[m mem / [33m0[m redis / [33m7[m db  ([33m0.6kb[m) and saving [33m1[m objects.
2023-04-20 03:44:43,851 - INFO - proc_request: Incoming call to walker_run with {'name': 'add_minors_to_family_tree', 'nd': 'urn:uuid:84fe5912-fc6e-4d4b-ab37-8c9ba4853061', 'snt': 'urn:uuid:e90961d0-d29c-4af1-b357-e734c7539b08', 'ctx': {'': ''}}
2023-04-20 03:44:43,922 - ERROR - rt_error: main1.jac:add_minors_to_family_tree - line 103, col 21 - rule expression - Not a list/dict for iteration!
2023-04-20 03:44:43,923 - ERROR - rt_error: main1.jac:add_minors_to_family_tree - line 103, col 21 - rule expression - Not a list/dict for iteration!
2023-04-20 03:44:43,924 - INFO - log_request_stats: API call to [32mwalker_run[m completed in [33m0.073 seconds[m touched [33m26[m mem / [33m0[m redis / [33m18[m db  ([33m1.1kb[m) and saving [33m3[m objects.
2023-04-20 03:44:44,104 - INFO - proc_request: Incoming call to graph_node_view with {'nd': 'urn:uuid:423cc0c0-b02b-4f5d-af49-be081c592ced', 'show_edges': True, 'detailed': True}
2023-04-20 03:44:44,124 - INFO - log_request_stats: API call to [32mgraph_node_view[m completed in [33m0.020 seconds[m touched [33m13[m mem / [33m0[m redis / [33m7[m db  ([33m0.6kb[m) and saving [33m1[m objects.
2023-04-20 03:44:50,468 - INFO - proc_request: Incoming call to graph_active_get with {}
2023-04-20 03:44:50,487 - INFO - log_request_stats: API call to [32mgraph_active_get[m completed in [33m0.018 seconds[m touched [33m5[m mem / [33m0[m redis / [33m4[m db  ([33m0.2kb[m) and saving [33m0[m objects.
2023-04-20 03:44:50,613 - INFO - proc_request: Incoming call to master_allusers with {'search': '', 'offset': 0, 'limit': 10}
2023-04-20 03:44:50,616 - INFO - proc_request: Incoming call to graph_node_view with {'nd': 'urn:uuid:84fe5912-fc6e-4d4b-ab37-8c9ba4853061', 'show_edges': True, 'detailed': True}
2023-04-20 03:44:50,623 - INFO - log_request_stats: API call to [32mmaster_allusers[m completed in [33m0.008 seconds[m touched [33m2[m mem / [33m0[m redis / [33m1[m db  ([33m0.2kb[m) and saving [33m0[m objects.
2023-04-20 03:44:50,638 - INFO - log_request_stats: API call to [32mgraph_node_view[m completed in [33m0.017 seconds[m touched [33m7[m mem / [33m0[m redis / [33m4[m db  ([33m0.4kb[m) and saving [33m1[m objects.
2023-04-20 03:44:50,656 - INFO - proc_request: Incoming call to graph_list with {}
2023-04-20 03:44:50,678 - INFO - proc_request: Incoming call to graph_node_view with {'nd': 'urn:uuid:84fe5912-fc6e-4d4b-ab37-8c9ba4853061', 'show_edges': True, 'detailed': True}
2023-04-20 03:44:50,683 - INFO - log_request_stats: API call to [32mgraph_list[m completed in [33m0.026 seconds[m touched [33m6[m mem / [33m0[m redis / [33m5[m db  ([33m0.4kb[m) and saving [33m0[m objects.
2023-04-20 03:44:50,696 - INFO - log_request_stats: API call to [32mgraph_node_view[m completed in [33m0.013 seconds[m touched [33m7[m mem / [33m0[m redis / [33m4[m db  ([33m0.4kb[m) and saving [33m1[m objects.
2023-04-20 03:44:50,800 - INFO - proc_request: Incoming call to walker_list with {}
2023-04-20 03:44:50,929 - INFO - log_request_stats: API call to [32mwalker_list[m completed in [33m0.128 seconds[m touched [33m17[m mem / [33m0[m redis / [33m16[m db  ([33m0.6kb[m) and saving [33m0[m objects.
2023-04-20 03:44:51,018 - INFO - proc_request: Incoming call to alias_list with {}
2023-04-20 03:44:51,024 - INFO - log_request_stats: API call to [32malias_list[m completed in [33m0.005 seconds[m touched [33m2[m mem / [33m0[m redis / [33m1[m db  ([33m0.2kb[m) and saving [33m0[m objects.
2023-04-20 03:44:51,118 - INFO - proc_request: Incoming call to graph_node_view with {'nd': 'urn:uuid:84fe5912-fc6e-4d4b-ab37-8c9ba4853061', 'show_edges': True, 'detailed': True}
2023-04-20 03:44:51,131 - INFO - log_request_stats: API call to [32mgraph_node_view[m completed in [33m0.012 seconds[m touched [33m7[m mem / [33m0[m redis / [33m4[m db  ([33m0.4kb[m) and saving [33m1[m objects.
2023-04-20 03:45:01,172 - INFO - proc_request: Incoming call to graph_node_view with {'nd': 'urn:uuid:423cc0c0-b02b-4f5d-af49-be081c592ced', 'show_edges': True, 'detailed': True}
2023-04-20 03:45:01,191 - INFO - log_request_stats: API call to [32mgraph_node_view[m completed in [33m0.019 seconds[m touched [33m13[m mem / [33m0[m redis / [33m7[m db  ([33m0.6kb[m) and saving [33m1[m objects.
2023-04-20 03:45:11,979 - INFO - proc_request: Incoming call to graph_node_view with {'nd': 'urn:uuid:74838746-6ba1-4459-a6fb-46bc2c17d5c8', 'show_edges': True, 'detailed': True}
2023-04-20 03:45:11,992 - INFO - log_request_stats: API call to [32mgraph_node_view[m completed in [33m0.012 seconds[m touched [33m7[m mem / [33m0[m redis / [33m4[m db  ([33m0.4kb[m) and saving [33m1[m objects.
2023-04-20 03:45:27,383 - INFO - proc_request: Incoming call to walker_run with {'name': 'show_minors', 'nd': 'urn:uuid:84fe5912-fc6e-4d4b-ab37-8c9ba4853061', 'snt': 'urn:uuid:e90961d0-d29c-4af1-b357-e734c7539b08', 'ctx': {'': ''}}
2023-04-20 03:45:27,520 - INFO - log_request_stats: API call to [32mwalker_run[m completed in [33m0.137 seconds[m touched [33m42[m mem / [33m0[m redis / [33m27[m db  ([33m2.2kb[m) and saving [33m8[m objects.
2023-04-20 03:45:27,633 - INFO - proc_request: Incoming call to graph_node_view with {'nd': 'urn:uuid:74838746-6ba1-4459-a6fb-46bc2c17d5c8', 'show_edges': True, 'detailed': True}
2023-04-20 03:45:27,648 - INFO - log_request_stats: API call to [32mgraph_node_view[m completed in [33m0.014 seconds[m touched [33m7[m mem / [33m0[m redis / [33m4[m db  ([33m0.4kb[m) and saving [33m1[m objects.
2023-04-20 03:45:34,585 - INFO - proc_request: Incoming call to graph_active_get with {}
2023-04-20 03:45:34,602 - INFO - log_request_stats: API call to [32mgraph_active_get[m completed in [33m0.017 seconds[m touched [33m5[m mem / [33m0[m redis / [33m4[m db  ([33m0.2kb[m) and saving [33m0[m objects.
2023-04-20 03:45:34,609 - INFO - proc_request: Incoming call to master_allusers with {'search': '', 'offset': 0, 'limit': 10}
2023-04-20 03:45:34,616 - INFO - log_request_stats: API call to [32mmaster_allusers[m completed in [33m0.006 seconds[m touched [33m2[m mem / [33m0[m redis / [33m1[m db  ([33m0.2kb[m) and saving [33m0[m objects.
2023-04-20 03:45:34,857 - INFO - proc_request: Incoming call to graph_node_view with {'nd': 'urn:uuid:84fe5912-fc6e-4d4b-ab37-8c9ba4853061', 'show_edges': True, 'detailed': True}
2023-04-20 03:45:34,870 - INFO - log_request_stats: API call to [32mgraph_node_view[m completed in [33m0.012 seconds[m touched [33m7[m mem / [33m0[m redis / [33m4[m db  ([33m0.4kb[m) and saving [33m1[m objects.
2023-04-20 03:45:34,961 - INFO - proc_request: Incoming call to graph_list with {}
2023-04-20 03:45:34,969 - INFO - proc_request: Incoming call to graph_node_view with {'nd': 'urn:uuid:84fe5912-fc6e-4d4b-ab37-8c9ba4853061', 'show_edges': True, 'detailed': True}
2023-04-20 03:45:34,982 - INFO - log_request_stats: API call to [32mgraph_list[m completed in [33m0.021 seconds[m touched [33m6[m mem / [33m0[m redis / [33m5[m db  ([33m0.4kb[m) and saving [33m0[m objects.
2023-04-20 03:45:34,994 - INFO - log_request_stats: API call to [32mgraph_node_view[m completed in [33m0.022 seconds[m touched [33m7[m mem / [33m0[m redis / [33m4[m db  ([33m0.4kb[m) and saving [33m1[m objects.
2023-04-20 03:45:35,382 - INFO - proc_request: Incoming call to walker_list with {}
2023-04-20 03:45:35,450 - INFO - log_request_stats: API call to [32mwalker_list[m completed in [33m0.068 seconds[m touched [33m17[m mem / [33m0[m redis / [33m16[m db  ([33m0.6kb[m) and saving [33m0[m objects.
2023-04-20 03:45:35,550 - INFO - proc_request: Incoming call to alias_list with {}
2023-04-20 03:45:35,555 - INFO - log_request_stats: API call to [32malias_list[m completed in [33m0.005 seconds[m touched [33m2[m mem / [33m0[m redis / [33m1[m db  ([33m0.2kb[m) and saving [33m0[m objects.
2023-04-20 03:45:35,672 - INFO - proc_request: Incoming call to graph_node_view with {'nd': 'urn:uuid:84fe5912-fc6e-4d4b-ab37-8c9ba4853061', 'show_edges': True, 'detailed': True}
2023-04-20 03:45:35,710 - INFO - log_request_stats: API call to [32mgraph_node_view[m completed in [33m0.038 seconds[m touched [33m7[m mem / [33m0[m redis / [33m4[m db  ([33m0.4kb[m) and saving [33m1[m objects.
2023-04-20 03:51:16,365 - INFO - proc_request: Incoming call to graph_list with {'output': '', 'detailed': False}
2023-04-20 03:51:16,383 - INFO - log_request_stats: API call to [32mgraph_list[m completed in [33m0.018 seconds[m touched [33m6[m mem / [33m0[m redis / [33m5[m db  ([33m0.4kb[m) and saving [33m0[m objects.
2023-04-20 03:51:29,135 - INFO - proc_request: Incoming call to graph_delete with {'gph': 'urn:uuid:37d62460-3fa0-4b1b-87ac-26708361eabf', 'output': ''}
2023-04-20 03:51:29,176 - INFO - log_request_stats: API call to [32mgraph_delete[m completed in [33m0.041 seconds[m touched [33m2[m mem / [33m0[m redis / [33m2[m db  ([33m0.2kb[m) and saving [33m1[m objects.
2023-04-20 03:51:39,789 - INFO - proc_request: Incoming call to graph_delete with {'gph': 'urn:uuid:84fe5912-fc6e-4d4b-ab37-8c9ba4853061', 'output': ''}
2023-04-20 03:51:39,837 - INFO - log_request_stats: API call to [32mgraph_delete[m completed in [33m0.048 seconds[m touched [33m4[m mem / [33m0[m redis / [33m4[m db  ([33m0.4kb[m) and saving [33m3[m objects.
2023-04-20 03:52:07,405 - INFO - proc_request: Incoming call to sentinel_register with {'set_active': True, 'mode': 'ir', 'code': '{"gram_hash": "dd880c56f0150d356a7208bbac4facf6", "ir": {"name": "start", "kid": [{"name": "element", "kid": [{"name": "architype", "kid": [{"name": "KW_EDGE", "kid": [], "loc": [2, 0, "graph1.jac", {"token": {"s
2023-04-20 03:52:08,023 - INFO - log_request_stats: API call to [32msentinel_register[m completed in [33m0.617 seconds[m touched [33m20[m mem / [33m0[m redis / [33m20[m db  ([33m0.6kb[m) and saving [33m18[m objects.
2023-04-20 03:52:13,798 - INFO - proc_request: Incoming call to graph_create with {'output': '', 'set_active': True}
2023-04-20 03:52:13,813 - INFO - log_request_stats: API call to [32mgraph_create[m completed in [33m0.015 seconds[m touched [33m5[m mem / [33m0[m redis / [33m3[m db  ([33m0.2kb[m) and saving [33m2[m objects.
2023-04-20 03:52:15,630 - INFO - proc_request: Incoming call to master_allusers with {'search': '', 'offset': 0, 'limit': 10}
2023-04-20 03:52:15,637 - INFO - log_request_stats: API call to [32mmaster_allusers[m completed in [33m0.006 seconds[m touched [33m2[m mem / [33m0[m redis / [33m1[m db  ([33m0.2kb[m) and saving [33m0[m objects.
2023-04-20 03:52:16,499 - INFO - proc_request: Incoming call to master_allusers with {'search': '', 'offset': 0, 'limit': 10}
2023-04-20 03:52:16,506 - INFO - log_request_stats: API call to [32mmaster_allusers[m completed in [33m0.006 seconds[m touched [33m2[m mem / [33m0[m redis / [33m1[m db  ([33m0.2kb[m) and saving [33m0[m objects.
2023-04-20 03:52:16,516 - INFO - proc_request: Incoming call to graph_active_get with {}
2023-04-20 03:52:16,532 - INFO - log_request_stats: API call to [32mgraph_active_get[m completed in [33m0.016 seconds[m touched [33m5[m mem / [33m0[m redis / [33m4[m db  ([33m0.2kb[m) and saving [33m0[m objects.
2023-04-20 03:52:16,617 - INFO - proc_request: Incoming call to graph_node_view with {'nd': 'urn:uuid:cc4c34dd-0741-4ed4-96f0-849a8c761b49', 'show_edges': True, 'detailed': True}
2023-04-20 03:52:16,622 - INFO - proc_request: Incoming call to graph_node_view with {'nd': 'urn:uuid:cc4c34dd-0741-4ed4-96f0-849a8c761b49', 'show_edges': True, 'detailed': True}
2023-04-20 03:52:16,631 - INFO - log_request_stats: API call to [32mgraph_node_view[m completed in [33m0.011 seconds[m touched [33m3[m mem / [33m0[m redis / [33m2[m db  ([33m0.2kb[m) and saving [33m0[m objects.
2023-04-20 03:52:16,638 - INFO - log_request_stats: API call to [32mgraph_node_view[m completed in [33m0.010 seconds[m touched [33m3[m mem / [33m0[m redis / [33m2[m db  ([33m0.2kb[m) and saving [33m0[m objects.
2023-04-20 03:52:16,722 - INFO - proc_request: Incoming call to graph_list with {}
2023-04-20 03:52:16,740 - INFO - log_request_stats: API call to [32mgraph_list[m completed in [33m0.017 seconds[m touched [33m5[m mem / [33m0[m redis / [33m4[m db  ([33m0.2kb[m) and saving [33m0[m objects.
2023-04-20 03:52:16,834 - INFO - proc_request: Incoming call to walker_list with {}
2023-04-20 03:52:16,898 - INFO - log_request_stats: API call to [32mwalker_list[m completed in [33m0.064 seconds[m touched [33m16[m mem / [33m0[m redis / [33m15[m db  ([33m0.6kb[m) and saving [33m0[m objects.
2023-04-20 03:52:16,986 - INFO - proc_request: Incoming call to alias_list with {}
2023-04-20 03:52:16,993 - INFO - log_request_stats: API call to [32malias_list[m completed in [33m0.006 seconds[m touched [33m2[m mem / [33m0[m redis / [33m1[m db  ([33m0.2kb[m) and saving [33m0[m objects.
2023-04-20 03:52:17,105 - INFO - proc_request: Incoming call to graph_node_view with {'nd': 'urn:uuid:cc4c34dd-0741-4ed4-96f0-849a8c761b49', 'show_edges': True, 'detailed': True}
2023-04-20 03:52:17,113 - INFO - log_request_stats: API call to [32mgraph_node_view[m completed in [33m0.008 seconds[m touched [33m3[m mem / [33m0[m redis / [33m2[m db  ([33m0.2kb[m) and saving [33m0[m objects.
2023-04-20 03:52:22,731 - INFO - proc_request: Incoming call to walker_run with {'name': 'create_familytree', 'nd': 'urn:uuid:cc4c34dd-0741-4ed4-96f0-849a8c761b49', 'snt': 'urn:uuid:e90961d0-d29c-4af1-b357-e734c7539b08', 'ctx': {'': ''}}
2023-04-20 03:52:22,802 - INFO - log_request_stats: API call to [32mwalker_run[m completed in [33m0.071 seconds[m touched [33m35[m mem / [33m0[m redis / [33m13[m db  ([33m1.1kb[m) and saving [33m8[m objects.
2023-04-20 03:52:23,303 - INFO - proc_request: Incoming call to graph_node_view with {'nd': 'urn:uuid:cc4c34dd-0741-4ed4-96f0-849a8c761b49', 'show_edges': True, 'detailed': True}
2023-04-20 03:52:23,316 - INFO - log_request_stats: API call to [32mgraph_node_view[m completed in [33m0.013 seconds[m touched [33m7[m mem / [33m0[m redis / [33m4[m db  ([33m0.4kb[m) and saving [33m1[m objects.
2023-04-20 03:52:34,633 - INFO - proc_request: Incoming call to walker_run with {'name': 'find_minors', 'nd': 'urn:uuid:cc4c34dd-0741-4ed4-96f0-849a8c761b49', 'snt': 'urn:uuid:e90961d0-d29c-4af1-b357-e734c7539b08', 'ctx': {'': ''}}
2023-04-20 03:52:34,732 - INFO - log_request_stats: API call to [32mwalker_run[m completed in [33m0.098 seconds[m touched [33m40[m mem / [33m0[m redis / [33m25[m db  ([33m1.1kb[m) and saving [33m8[m objects.
2023-04-20 03:52:34,926 - INFO - proc_request: Incoming call to graph_node_view with {'nd': 'urn:uuid:cc4c34dd-0741-4ed4-96f0-849a8c761b49', 'show_edges': True, 'detailed': True}
2023-04-20 03:52:34,954 - INFO - log_request_stats: API call to [32mgraph_node_view[m completed in [33m0.027 seconds[m touched [33m7[m mem / [33m0[m redis / [33m4[m db  ([33m0.4kb[m) and saving [33m1[m objects.
2023-04-20 03:52:36,575 - INFO - proc_request: Incoming call to graph_node_view with {'nd': 'urn:uuid:36a7a85a-fcdd-45c6-bec2-46f00d0ba2fc', 'show_edges': True, 'detailed': True}
2023-04-20 03:52:36,594 - INFO - log_request_stats: API call to [32mgraph_node_view[m completed in [33m0.019 seconds[m touched [33m13[m mem / [33m0[m redis / [33m7[m db  ([33m0.6kb[m) and saving [33m1[m objects.
2023-04-20 03:53:02,941 - INFO - proc_request: Incoming call to walker_run with {'name': 'add_minors_to_family_tree', 'nd': 'urn:uuid:cc4c34dd-0741-4ed4-96f0-849a8c761b49', 'snt': 'urn:uuid:e90961d0-d29c-4af1-b357-e734c7539b08', 'ctx': {'': ''}}
2023-04-20 03:53:03,046 - INFO - log_request_stats: API call to [32mwalker_run[m completed in [33m0.105 seconds[m touched [33m41[m mem / [33m0[m redis / [33m26[m db  ([33m2.2kb[m) and saving [33m8[m objects.
2023-04-20 03:53:03,159 - INFO - proc_request: Incoming call to graph_node_view with {'nd': 'urn:uuid:36a7a85a-fcdd-45c6-bec2-46f00d0ba2fc', 'show_edges': True, 'detailed': True}
2023-04-20 03:53:03,183 - INFO - log_request_stats: API call to [32mgraph_node_view[m completed in [33m0.023 seconds[m touched [33m13[m mem / [33m0[m redis / [33m7[m db  ([33m0.6kb[m) and saving [33m1[m objects.
2023-04-20 03:53:12,662 - INFO - proc_request: Incoming call to walker_run with {'name': 'add_minors_to_family_tree', 'nd': 'urn:uuid:cc4c34dd-0741-4ed4-96f0-849a8c761b49', 'snt': 'urn:uuid:e90961d0-d29c-4af1-b357-e734c7539b08', 'ctx': {'': ''}}
2023-04-20 03:53:12,776 - INFO - log_request_stats: API call to [32mwalker_run[m completed in [33m0.114 seconds[m touched [33m41[m mem / [33m0[m redis / [33m26[m db  ([33m2.2kb[m) and saving [33m8[m objects.
2023-04-20 03:53:12,867 - INFO - proc_request: Incoming call to graph_node_view with {'nd': 'urn:uuid:36a7a85a-fcdd-45c6-bec2-46f00d0ba2fc', 'show_edges': True, 'detailed': True}
2023-04-20 03:53:12,887 - INFO - log_request_stats: API call to [32mgraph_node_view[m completed in [33m0.019 seconds[m touched [33m13[m mem / [33m0[m redis / [33m7[m db  ([33m0.6kb[m) and saving [33m1[m objects.
2023-04-20 03:53:28,873 - INFO - proc_request: Incoming call to walker_run with {'name': 'add_minors_to_family_tree', 'nd': 'urn:uuid:cc4c34dd-0741-4ed4-96f0-849a8c761b49', 'snt': 'urn:uuid:e90961d0-d29c-4af1-b357-e734c7539b08', 'ctx': {'': ''}}
2023-04-20 03:53:28,975 - INFO - log_request_stats: API call to [32mwalker_run[m completed in [33m0.102 seconds[m touched [33m41[m mem / [33m0[m redis / [33m26[m db  ([33m2.2kb[m) and saving [33m8[m objects.
2023-04-20 03:53:29,089 - INFO - proc_request: Incoming call to graph_node_view with {'nd': 'urn:uuid:36a7a85a-fcdd-45c6-bec2-46f00d0ba2fc', 'show_edges': True, 'detailed': True}
2023-04-20 03:53:29,110 - INFO - log_request_stats: API call to [32mgraph_node_view[m completed in [33m0.021 seconds[m touched [33m13[m mem / [33m0[m redis / [33m7[m db  ([33m0.6kb[m) and saving [33m1[m objects.
2023-04-20 03:54:34,793 - INFO - proc_request: Incoming call to graph_list with {'output': '', 'detailed': False}
2023-04-20 03:54:34,811 - INFO - log_request_stats: API call to [32mgraph_list[m completed in [33m0.017 seconds[m touched [33m5[m mem / [33m0[m redis / [33m4[m db  ([33m0.2kb[m) and saving [33m0[m objects.
2023-04-20 03:54:48,099 - INFO - proc_request: Incoming call to graph_delete with {'gph': 'urn:uuid:cc4c34dd-0741-4ed4-96f0-849a8c761b49', 'output': ''}
2023-04-20 03:54:48,142 - INFO - log_request_stats: API call to [32mgraph_delete[m completed in [33m0.042 seconds[m touched [33m4[m mem / [33m0[m redis / [33m4[m db  ([33m0.4kb[m) and saving [33m3[m objects.
2023-04-20 03:55:08,642 - INFO - proc_request: Incoming call to sentinel_register with {'set_active': True, 'mode': 'ir', 'code': '{"gram_hash": "dd880c56f0150d356a7208bbac4facf6", "ir": {"name": "start", "kid": [{"name": "element", "kid": [{"name": "architype", "kid": [{"name": "KW_EDGE", "kid": [], "loc": [2, 0, "graph1.jac", {"token": {"s
2023-04-20 03:55:09,239 - INFO - log_request_stats: API call to [32msentinel_register[m completed in [33m0.597 seconds[m touched [33m20[m mem / [33m0[m redis / [33m19[m db  ([33m0.6kb[m) and saving [33m18[m objects.
2023-04-20 03:55:14,238 - INFO - proc_request: Incoming call to graph_create with {'output': '', 'set_active': True}
2023-04-20 03:55:14,253 - INFO - log_request_stats: API call to [32mgraph_create[m completed in [33m0.014 seconds[m touched [33m5[m mem / [33m0[m redis / [33m3[m db  ([33m0.2kb[m) and saving [33m2[m objects.
2023-04-20 03:55:16,762 - INFO - proc_request: Incoming call to master_allusers with {'search': '', 'offset': 0, 'limit': 10}
2023-04-20 03:55:16,772 - INFO - log_request_stats: API call to [32mmaster_allusers[m completed in [33m0.006 seconds[m touched [33m2[m mem / [33m0[m redis / [33m1[m db  ([33m0.2kb[m) and saving [33m0[m objects.
2023-04-20 03:55:17,811 - INFO - proc_request: Incoming call to master_allusers with {'search': '', 'offset': 0, 'limit': 10}
2023-04-20 03:55:17,821 - INFO - log_request_stats: API call to [32mmaster_allusers[m completed in [33m0.009 seconds[m touched [33m2[m mem / [33m0[m redis / [33m1[m db  ([33m0.2kb[m) and saving [33m0[m objects.
2023-04-20 03:55:17,854 - INFO - proc_request: Incoming call to graph_active_get with {}
2023-04-20 03:55:17,870 - INFO - log_request_stats: API call to [32mgraph_active_get[m completed in [33m0.016 seconds[m touched [33m5[m mem / [33m0[m redis / [33m4[m db  ([33m0.2kb[m) and saving [33m0[m objects.
2023-04-20 03:55:18,079 - INFO - proc_request: Incoming call to graph_node_view with {'nd': 'urn:uuid:7e01e65b-27f9-4652-b0f2-966d8453d2ba', 'show_edges': True, 'detailed': True}
2023-04-20 03:55:18,087 - INFO - log_request_stats: API call to [32mgraph_node_view[m completed in [33m0.008 seconds[m touched [33m3[m mem / [33m0[m redis / [33m2[m db  ([33m0.2kb[m) and saving [33m0[m objects.
2023-04-20 03:55:18,109 - INFO - proc_request: Incoming call to graph_node_view with {'nd': 'urn:uuid:7e01e65b-27f9-4652-b0f2-966d8453d2ba', 'show_edges': True, 'detailed': True}
2023-04-20 03:55:18,120 - INFO - log_request_stats: API call to [32mgraph_node_view[m completed in [33m0.010 seconds[m touched [33m3[m mem / [33m0[m redis / [33m2[m db  ([33m0.2kb[m) and saving [33m0[m objects.
2023-04-20 03:55:18,200 - INFO - proc_request: Incoming call to graph_list with {}
2023-04-20 03:55:18,230 - INFO - log_request_stats: API call to [32mgraph_list[m completed in [33m0.030 seconds[m touched [33m5[m mem / [33m0[m redis / [33m4[m db  ([33m0.2kb[m) and saving [33m0[m objects.
2023-04-20 03:55:18,452 - INFO - proc_request: Incoming call to walker_list with {}
2023-04-20 03:55:18,702 - INFO - log_request_stats: API call to [32mwalker_list[m completed in [33m0.249 seconds[m touched [33m16[m mem / [33m0[m redis / [33m15[m db  ([33m0.6kb[m) and saving [33m0[m objects.
2023-04-20 03:55:18,819 - INFO - proc_request: Incoming call to alias_list with {}
2023-04-20 03:55:18,825 - INFO - log_request_stats: API call to [32malias_list[m completed in [33m0.005 seconds[m touched [33m2[m mem / [33m0[m redis / [33m1[m db  ([33m0.2kb[m) and saving [33m0[m objects.
2023-04-20 03:55:18,913 - INFO - proc_request: Incoming call to graph_node_view with {'nd': 'urn:uuid:7e01e65b-27f9-4652-b0f2-966d8453d2ba', 'show_edges': True, 'detailed': True}
2023-04-20 03:55:18,921 - INFO - log_request_stats: API call to [32mgraph_node_view[m completed in [33m0.008 seconds[m touched [33m3[m mem / [33m0[m redis / [33m2[m db  ([33m0.2kb[m) and saving [33m0[m objects.
2023-04-20 03:55:29,090 - INFO - proc_request: Incoming call to walker_run with {'name': 'create_familytree', 'nd': 'urn:uuid:7e01e65b-27f9-4652-b0f2-966d8453d2ba', 'snt': 'urn:uuid:e90961d0-d29c-4af1-b357-e734c7539b08', 'ctx': {'': ''}}
2023-04-20 03:55:29,160 - INFO - log_request_stats: API call to [32mwalker_run[m completed in [33m0.069 seconds[m touched [33m35[m mem / [33m0[m redis / [33m13[m db  ([33m1.1kb[m) and saving [33m8[m objects.
2023-04-20 03:55:29,631 - INFO - proc_request: Incoming call to graph_node_view with {'nd': 'urn:uuid:7e01e65b-27f9-4652-b0f2-966d8453d2ba', 'show_edges': True, 'detailed': True}
2023-04-20 03:55:29,644 - INFO - log_request_stats: API call to [32mgraph_node_view[m completed in [33m0.013 seconds[m touched [33m7[m mem / [33m0[m redis / [33m4[m db  ([33m0.4kb[m) and saving [33m1[m objects.
2023-04-20 03:55:36,479 - INFO - proc_request: Incoming call to walker_run with {'name': 'find_minors', 'nd': 'urn:uuid:7e01e65b-27f9-4652-b0f2-966d8453d2ba', 'snt': 'urn:uuid:e90961d0-d29c-4af1-b357-e734c7539b08', 'ctx': {'': ''}}
2023-04-20 03:55:36,569 - INFO - log_request_stats: API call to [32mwalker_run[m completed in [33m0.089 seconds[m touched [33m40[m mem / [33m0[m redis / [33m25[m db  ([33m1.1kb[m) and saving [33m8[m objects.
2023-04-20 03:55:36,736 - INFO - proc_request: Incoming call to graph_node_view with {'nd': 'urn:uuid:7e01e65b-27f9-4652-b0f2-966d8453d2ba', 'show_edges': True, 'detailed': True}
2023-04-20 03:55:36,748 - INFO - log_request_stats: API call to [32mgraph_node_view[m completed in [33m0.012 seconds[m touched [33m7[m mem / [33m0[m redis / [33m4[m db  ([33m0.4kb[m) and saving [33m1[m objects.
2023-04-20 03:55:39,151 - INFO - proc_request: Incoming call to graph_node_view with {'nd': 'urn:uuid:12aa199a-6283-4a41-8610-b6838fa594c2', 'show_edges': True, 'detailed': True}
2023-04-20 03:55:39,170 - INFO - log_request_stats: API call to [32mgraph_node_view[m completed in [33m0.019 seconds[m touched [33m13[m mem / [33m0[m redis / [33m7[m db  ([33m0.6kb[m) and saving [33m1[m objects.
2023-04-20 03:55:49,137 - INFO - proc_request: Incoming call to walker_run with {'name': 'add_minors_to_family_tree', 'nd': 'urn:uuid:7e01e65b-27f9-4652-b0f2-966d8453d2ba', 'snt': 'urn:uuid:e90961d0-d29c-4af1-b357-e734c7539b08', 'ctx': {'': ''}}
2023-04-20 03:55:49,232 - ERROR - rt_error: main1.jac:add_minors_to_family_tree - line 127, col 0 - rule for_stmt - Variable not defined - minors_list
2023-04-20 03:55:49,232 - ERROR - rt_error: main1.jac:add_minors_to_family_tree - line 127, col 21 - rule expression - Not a list/dict for iteration!
2023-04-20 03:55:49,233 - ERROR - rt_error: main1.jac:add_minors_to_family_tree - line 127, col 0 - rule for_stmt - Variable not defined - minors_list
2023-04-20 03:55:49,233 - ERROR - rt_error: main1.jac:add_minors_to_family_tree - line 127, col 21 - rule expression - Not a list/dict for iteration!
2023-04-20 03:55:49,234 - INFO - log_request_stats: API call to [32mwalker_run[m completed in [33m0.096 seconds[m touched [33m41[m mem / [33m0[m redis / [33m26[m db  ([33m2.2kb[m) and saving [33m8[m objects.
2023-04-20 03:55:49,349 - INFO - proc_request: Incoming call to graph_node_view with {'nd': 'urn:uuid:12aa199a-6283-4a41-8610-b6838fa594c2', 'show_edges': True, 'detailed': True}
2023-04-20 03:55:49,382 - INFO - log_request_stats: API call to [32mgraph_node_view[m completed in [33m0.033 seconds[m touched [33m13[m mem / [33m0[m redis / [33m7[m db  ([33m0.6kb[m) and saving [33m1[m objects.
2023-04-20 03:57:02,132 - INFO - proc_request: Incoming call to master_allusers with {'search': '', 'offset': 0, 'limit': 10}
2023-04-20 03:57:02,144 - INFO - log_request_stats: API call to [32mmaster_allusers[m completed in [33m0.009 seconds[m touched [33m2[m mem / [33m0[m redis / [33m1[m db  ([33m0.2kb[m) and saving [33m0[m objects.
2023-04-20 03:57:08,850 - INFO - proc_request: Incoming call to graph_list with {'output': '', 'detailed': False}
2023-04-20 03:57:08,885 - INFO - log_request_stats: API call to [32mgraph_list[m completed in [33m0.035 seconds[m touched [33m5[m mem / [33m0[m redis / [33m4[m db  ([33m0.2kb[m) and saving [33m0[m objects.
2023-04-20 03:57:21,006 - INFO - proc_request: Incoming call to graph_delete with {'gph': 'urn:uuid:7e01e65b-27f9-4652-b0f2-966d8453d2ba', 'output': ''}
2023-04-20 03:57:21,049 - INFO - log_request_stats: API call to [32mgraph_delete[m completed in [33m0.043 seconds[m touched [33m4[m mem / [33m0[m redis / [33m4[m db  ([33m0.4kb[m) and saving [33m3[m objects.
2023-04-20 03:57:44,652 - INFO - proc_request: Incoming call to sentinel_register with {'set_active': True, 'mode': 'ir', 'code': '{"gram_hash": "dd880c56f0150d356a7208bbac4facf6", "ir": {"name": "start", "kid": [{"name": "element", "kid": [{"name": "architype", "kid": [{"name": "KW_EDGE", "kid": [], "loc": [2, 0, "graph1.jac", {"token": {"s
2023-04-20 03:57:45,247 - INFO - log_request_stats: API call to [32msentinel_register[m completed in [33m0.595 seconds[m touched [33m20[m mem / [33m0[m redis / [33m19[m db  ([33m0.6kb[m) and saving [33m18[m objects.
2023-04-20 03:57:50,336 - INFO - proc_request: Incoming call to graph_create with {'output': '', 'set_active': True}
2023-04-20 03:57:50,351 - INFO - log_request_stats: API call to [32mgraph_create[m completed in [33m0.014 seconds[m touched [33m5[m mem / [33m0[m redis / [33m3[m db  ([33m0.2kb[m) and saving [33m2[m objects.
2023-04-20 03:57:52,629 - INFO - proc_request: Incoming call to master_allusers with {'search': '', 'offset': 0, 'limit': 10}
2023-04-20 03:57:52,655 - INFO - log_request_stats: API call to [32mmaster_allusers[m completed in [33m0.023 seconds[m touched [33m2[m mem / [33m0[m redis / [33m1[m db  ([33m0.2kb[m) and saving [33m0[m objects.
2023-04-20 03:57:53,110 - INFO - proc_request: Incoming call to graph_active_get with {}
2023-04-20 03:57:53,133 - INFO - log_request_stats: API call to [32mgraph_active_get[m completed in [33m0.021 seconds[m touched [33m5[m mem / [33m0[m redis / [33m4[m db  ([33m0.2kb[m) and saving [33m0[m objects.
2023-04-20 03:57:53,189 - INFO - proc_request: Incoming call to master_allusers with {'search': '', 'offset': 0, 'limit': 10}
2023-04-20 03:57:53,196 - INFO - log_request_stats: API call to [32mmaster_allusers[m completed in [33m0.007 seconds[m touched [33m2[m mem / [33m0[m redis / [33m1[m db  ([33m0.2kb[m) and saving [33m0[m objects.
2023-04-20 03:57:53,257 - INFO - proc_request: Incoming call to graph_node_view with {'nd': 'urn:uuid:4dac2b0b-b164-47ec-9f58-ab38dfab2973', 'show_edges': True, 'detailed': True}
2023-04-20 03:57:53,273 - INFO - log_request_stats: API call to [32mgraph_node_view[m completed in [33m0.015 seconds[m touched [33m3[m mem / [33m0[m redis / [33m2[m db  ([33m0.2kb[m) and saving [33m0[m objects.
2023-04-20 03:57:53,275 - INFO - proc_request: Incoming call to graph_node_view with {'nd': 'urn:uuid:4dac2b0b-b164-47ec-9f58-ab38dfab2973', 'show_edges': True, 'detailed': True}
2023-04-20 03:57:53,298 - INFO - log_request_stats: API call to [32mgraph_node_view[m completed in [33m0.013 seconds[m touched [33m3[m mem / [33m0[m redis / [33m2[m db  ([33m0.2kb[m) and saving [33m0[m objects.
2023-04-20 03:57:53,301 - INFO - proc_request: Incoming call to graph_list with {}
2023-04-20 03:57:53,320 - INFO - log_request_stats: API call to [32mgraph_list[m completed in [33m0.017 seconds[m touched [33m5[m mem / [33m0[m redis / [33m4[m db  ([33m0.2kb[m) and saving [33m0[m objects.
2023-04-20 03:57:53,406 - INFO - proc_request: Incoming call to walker_list with {}
2023-04-20 03:57:53,471 - INFO - log_request_stats: API call to [32mwalker_list[m completed in [33m0.065 seconds[m touched [33m16[m mem / [33m0[m redis / [33m15[m db  ([33m0.6kb[m) and saving [33m0[m objects.
2023-04-20 03:57:53,599 - INFO - proc_request: Incoming call to alias_list with {}
2023-04-20 03:57:53,604 - INFO - log_request_stats: API call to [32malias_list[m completed in [33m0.005 seconds[m touched [33m2[m mem / [33m0[m redis / [33m1[m db  ([33m0.2kb[m) and saving [33m0[m objects.
2023-04-20 03:57:53,705 - INFO - proc_request: Incoming call to graph_node_view with {'nd': 'urn:uuid:4dac2b0b-b164-47ec-9f58-ab38dfab2973', 'show_edges': True, 'detailed': True}
2023-04-20 03:57:53,713 - INFO - log_request_stats: API call to [32mgraph_node_view[m completed in [33m0.008 seconds[m touched [33m3[m mem / [33m0[m redis / [33m2[m db  ([33m0.2kb[m) and saving [33m0[m objects.
2023-04-20 03:57:58,939 - INFO - proc_request: Incoming call to walker_run with {'name': 'create_familytree', 'nd': 'urn:uuid:4dac2b0b-b164-47ec-9f58-ab38dfab2973', 'snt': 'urn:uuid:e90961d0-d29c-4af1-b357-e734c7539b08', 'ctx': {'': ''}}
2023-04-20 03:57:59,010 - INFO - log_request_stats: API call to [32mwalker_run[m completed in [33m0.070 seconds[m touched [33m35[m mem / [33m0[m redis / [33m13[m db  ([33m1.1kb[m) and saving [33m8[m objects.
2023-04-20 03:57:59,484 - INFO - proc_request: Incoming call to graph_node_view with {'nd': 'urn:uuid:4dac2b0b-b164-47ec-9f58-ab38dfab2973', 'show_edges': True, 'detailed': True}
2023-04-20 03:57:59,497 - INFO - log_request_stats: API call to [32mgraph_node_view[m completed in [33m0.013 seconds[m touched [33m7[m mem / [33m0[m redis / [33m4[m db  ([33m0.4kb[m) and saving [33m1[m objects.
2023-04-20 03:58:08,291 - INFO - proc_request: Incoming call to walker_run with {'name': 'find_minors', 'nd': 'urn:uuid:4dac2b0b-b164-47ec-9f58-ab38dfab2973', 'snt': 'urn:uuid:e90961d0-d29c-4af1-b357-e734c7539b08', 'ctx': {'': ''}}
2023-04-20 03:58:08,382 - INFO - log_request_stats: API call to [32mwalker_run[m completed in [33m0.090 seconds[m touched [33m40[m mem / [33m0[m redis / [33m25[m db  ([33m1.1kb[m) and saving [33m8[m objects.
2023-04-20 03:58:08,564 - INFO - proc_request: Incoming call to graph_node_view with {'nd': 'urn:uuid:4dac2b0b-b164-47ec-9f58-ab38dfab2973', 'show_edges': True, 'detailed': True}
2023-04-20 03:58:08,577 - INFO - log_request_stats: API call to [32mgraph_node_view[m completed in [33m0.012 seconds[m touched [33m7[m mem / [33m0[m redis / [33m4[m db  ([33m0.4kb[m) and saving [33m1[m objects.
2023-04-20 03:58:16,494 - INFO - proc_request: Incoming call to walker_run with {'name': 'add_minors_to_family_tree', 'nd': 'urn:uuid:4dac2b0b-b164-47ec-9f58-ab38dfab2973', 'snt': 'urn:uuid:e90961d0-d29c-4af1-b357-e734c7539b08', 'ctx': {'': ''}}
2023-04-20 03:58:16,590 - ERROR - rt_error: main1.jac:add_minors_to_family_tree - line 127, col 0 - rule atom - Variable not defined - root
2023-04-20 03:58:16,591 - ERROR - rt_error: main1.jac:add_minors_to_family_tree - line 127, col 25 - rule DOT - Incompatible type for object None - NoneType, expecting [<class 'dict'>, <class 'jaseci.prim.element.Element'>, <class 'jaseci.jac.jac_set.JacSet'>]
2023-04-20 03:58:16,591 - ERROR - rt_error: main1.jac:add_minors_to_family_tree - line 127, col 25 - rule DOT - Invalid variable minors_list
2023-04-20 03:58:16,591 - ERROR - rt_error: main1.jac:add_minors_to_family_tree - line 127, col 8 - rule for_stmt - 'NoneType' object has no attribute 'value'
2023-04-20 03:58:16,592 - ERROR - rt_error: main1.jac:add_minors_to_family_tree - line 127, col 0 - rule atom - Variable not defined - root
2023-04-20 03:58:16,592 - ERROR - rt_error: main1.jac:add_minors_to_family_tree - line 127, col 25 - rule DOT - Incompatible type for object None - NoneType, expecting [<class 'dict'>, <class 'jaseci.prim.element.Element'>, <class 'jaseci.jac.jac_set.JacSet'>]
2023-04-20 03:58:16,592 - ERROR - rt_error: main1.jac:add_minors_to_family_tree - line 127, col 25 - rule DOT - Invalid variable minors_list
2023-04-20 03:58:16,593 - ERROR - rt_error: main1.jac:add_minors_to_family_tree - line 127, col 8 - rule for_stmt - 'NoneType' object has no attribute 'value'
2023-04-20 03:58:16,594 - INFO - log_request_stats: API call to [32mwalker_run[m completed in [33m0.099 seconds[m touched [33m41[m mem / [33m0[m redis / [33m26[m db  ([33m2.2kb[m) and saving [33m8[m objects.
2023-04-20 03:58:16,723 - INFO - proc_request: Incoming call to graph_node_view with {'nd': 'urn:uuid:4dac2b0b-b164-47ec-9f58-ab38dfab2973', 'show_edges': True, 'detailed': True}
2023-04-20 03:58:16,749 - INFO - log_request_stats: API call to [32mgraph_node_view[m completed in [33m0.026 seconds[m touched [33m7[m mem / [33m0[m redis / [33m4[m db  ([33m0.4kb[m) and saving [33m1[m objects.
2023-04-20 03:59:28,003 - INFO - proc_request: Incoming call to graph_list with {'output': '', 'detailed': False}
2023-04-20 03:59:28,021 - INFO - log_request_stats: API call to [32mgraph_list[m completed in [33m0.018 seconds[m touched [33m5[m mem / [33m0[m redis / [33m4[m db  ([33m0.2kb[m) and saving [33m0[m objects.
2023-04-20 03:59:41,163 - INFO - proc_request: Incoming call to graph_delete with {'gph': 'urn:uuid:4dac2b0b-b164-47ec-9f58-ab38dfab2973', 'output': ''}
2023-04-20 03:59:41,206 - INFO - log_request_stats: API call to [32mgraph_delete[m completed in [33m0.042 seconds[m touched [33m4[m mem / [33m0[m redis / [33m4[m db  ([33m0.4kb[m) and saving [33m3[m objects.
2023-04-20 03:59:46,914 - INFO - proc_request: Incoming call to sentinel_register with {'set_active': True, 'mode': 'ir', 'code': '{"gram_hash": "dd880c56f0150d356a7208bbac4facf6", "ir": {"name": "start", "kid": [{"name": "element", "kid": [{"name": "architype", "kid": [{"name": "KW_EDGE", "kid": [], "loc": [2, 0, "graph.jac", {"token": {"sy
2023-04-20 03:59:47,482 - INFO - log_request_stats: API call to [32msentinel_register[m completed in [33m0.568 seconds[m touched [33m18[m mem / [33m0[m redis / [33m17[m db  ([33m0.6kb[m) and saving [33m17[m objects.
2023-04-20 03:59:52,443 - INFO - proc_request: Incoming call to sentinel_register with {'set_active': True, 'mode': 'ir', 'code': '{"gram_hash": "dd880c56f0150d356a7208bbac4facf6", "ir": {"name": "start", "kid": [{"name": "element", "kid": [{"name": "architype", "kid": [{"name": "KW_EDGE", "kid": [], "loc": [2, 0, "graph1.jac", {"token": {"s
2023-04-20 03:59:53,270 - INFO - log_request_stats: API call to [32msentinel_register[m completed in [33m0.827 seconds[m touched [33m21[m mem / [33m0[m redis / [33m19[m db  ([33m0.6kb[m) and saving [33m19[m objects.
2023-04-20 04:00:07,192 - INFO - proc_request: Incoming call to graph_create with {'output': '', 'set_active': True}
2023-04-20 04:00:07,222 - INFO - log_request_stats: API call to [32mgraph_create[m completed in [33m0.028 seconds[m touched [33m5[m mem / [33m0[m redis / [33m3[m db  ([33m0.2kb[m) and saving [33m2[m objects.
2023-04-20 04:00:09,195 - INFO - proc_request: Incoming call to master_allusers with {'search': '', 'offset': 0, 'limit': 10}
2023-04-20 04:00:09,205 - INFO - log_request_stats: API call to [32mmaster_allusers[m completed in [33m0.008 seconds[m touched [33m2[m mem / [33m0[m redis / [33m1[m db  ([33m0.2kb[m) and saving [33m0[m objects.
2023-04-20 04:00:10,396 - INFO - proc_request: Incoming call to graph_active_get with {}
2023-04-20 04:00:10,415 - INFO - log_request_stats: API call to [32mgraph_active_get[m completed in [33m0.017 seconds[m touched [33m5[m mem / [33m0[m redis / [33m4[m db  ([33m0.2kb[m) and saving [33m0[m objects.
2023-04-20 04:00:10,557 - INFO - proc_request: Incoming call to master_allusers with {'search': '', 'offset': 0, 'limit': 10}
2023-04-20 04:00:10,567 - INFO - log_request_stats: API call to [32mmaster_allusers[m completed in [33m0.010 seconds[m touched [33m2[m mem / [33m0[m redis / [33m1[m db  ([33m0.2kb[m) and saving [33m0[m objects.
2023-04-20 04:00:10,570 - INFO - proc_request: Incoming call to graph_node_view with {'nd': 'urn:uuid:5a7d6a4b-e93c-45a7-899d-9d7c385fe4f3', 'show_edges': True, 'detailed': True}
2023-04-20 04:00:10,580 - INFO - log_request_stats: API call to [32mgraph_node_view[m completed in [33m0.009 seconds[m touched [33m3[m mem / [33m0[m redis / [33m2[m db  ([33m0.2kb[m) and saving [33m0[m objects.
2023-04-20 04:00:10,596 - INFO - proc_request: Incoming call to graph_list with {}
2023-04-20 04:00:10,598 - INFO - proc_request: Incoming call to graph_node_view with {'nd': 'urn:uuid:5a7d6a4b-e93c-45a7-899d-9d7c385fe4f3', 'show_edges': True, 'detailed': True}
2023-04-20 04:00:10,613 - INFO - log_request_stats: API call to [32mgraph_node_view[m completed in [33m0.014 seconds[m touched [33m3[m mem / [33m0[m redis / [33m2[m db  ([33m0.2kb[m) and saving [33m0[m objects.
2023-04-20 04:00:10,623 - INFO - log_request_stats: API call to [32mgraph_list[m completed in [33m0.025 seconds[m touched [33m5[m mem / [33m0[m redis / [33m4[m db  ([33m0.2kb[m) and saving [33m0[m objects.
2023-04-20 04:00:10,724 - INFO - proc_request: Incoming call to walker_list with {}
2023-04-20 04:00:10,797 - INFO - log_request_stats: API call to [32mwalker_list[m completed in [33m0.072 seconds[m touched [33m17[m mem / [33m0[m redis / [33m16[m db  ([33m0.6kb[m) and saving [33m0[m objects.
2023-04-20 04:00:10,887 - INFO - proc_request: Incoming call to alias_list with {}
2023-04-20 04:00:10,893 - INFO - log_request_stats: API call to [32malias_list[m completed in [33m0.005 seconds[m touched [33m2[m mem / [33m0[m redis / [33m1[m db  ([33m0.2kb[m) and saving [33m0[m objects.
2023-04-20 04:00:11,033 - INFO - proc_request: Incoming call to graph_node_view with {'nd': 'urn:uuid:5a7d6a4b-e93c-45a7-899d-9d7c385fe4f3', 'show_edges': True, 'detailed': True}
2023-04-20 04:00:11,042 - INFO - log_request_stats: API call to [32mgraph_node_view[m completed in [33m0.008 seconds[m touched [33m3[m mem / [33m0[m redis / [33m2[m db  ([33m0.2kb[m) and saving [33m0[m objects.
2023-04-20 04:00:16,043 - INFO - proc_request: Incoming call to walker_run with {'name': 'create_familytree', 'nd': 'urn:uuid:5a7d6a4b-e93c-45a7-899d-9d7c385fe4f3', 'snt': 'urn:uuid:e90961d0-d29c-4af1-b357-e734c7539b08', 'ctx': {'': ''}}
2023-04-20 04:00:16,149 - INFO - log_request_stats: API call to [32mwalker_run[m completed in [33m0.105 seconds[m touched [33m35[m mem / [33m0[m redis / [33m13[m db  ([33m1.1kb[m) and saving [33m8[m objects.
2023-04-20 04:00:16,597 - INFO - proc_request: Incoming call to graph_node_view with {'nd': 'urn:uuid:5a7d6a4b-e93c-45a7-899d-9d7c385fe4f3', 'show_edges': True, 'detailed': True}
2023-04-20 04:00:16,611 - INFO - log_request_stats: API call to [32mgraph_node_view[m completed in [33m0.014 seconds[m touched [33m7[m mem / [33m0[m redis / [33m4[m db  ([33m0.4kb[m) and saving [33m1[m objects.
2023-04-20 04:00:24,010 - INFO - proc_request: Incoming call to walker_run with {'name': 'find_minors', 'nd': 'urn:uuid:5a7d6a4b-e93c-45a7-899d-9d7c385fe4f3', 'snt': 'urn:uuid:e90961d0-d29c-4af1-b357-e734c7539b08', 'ctx': {'': ''}}
2023-04-20 04:00:24,101 - INFO - log_request_stats: API call to [32mwalker_run[m completed in [33m0.090 seconds[m touched [33m40[m mem / [33m0[m redis / [33m25[m db  ([33m1.1kb[m) and saving [33m8[m objects.
2023-04-20 04:00:24,313 - INFO - proc_request: Incoming call to graph_node_view with {'nd': 'urn:uuid:5a7d6a4b-e93c-45a7-899d-9d7c385fe4f3', 'show_edges': True, 'detailed': True}
2023-04-20 04:00:24,353 - INFO - log_request_stats: API call to [32mgraph_node_view[m completed in [33m0.039 seconds[m touched [33m7[m mem / [33m0[m redis / [33m4[m db  ([33m0.4kb[m) and saving [33m1[m objects.
2023-04-20 04:00:32,617 - INFO - proc_request: Incoming call to walker_run with {'name': 'add_minors_to_family_tree', 'nd': 'urn:uuid:5a7d6a4b-e93c-45a7-899d-9d7c385fe4f3', 'snt': 'urn:uuid:e90961d0-d29c-4af1-b357-e734c7539b08', 'ctx': {'': ''}}
2023-04-20 04:00:32,690 - ERROR - rt_error: main1.jac:add_minors_to_family_tree - line 104, col 21 - rule expression - Not a list/dict for iteration!
2023-04-20 04:00:32,691 - ERROR - rt_error: main1.jac:add_minors_to_family_tree - line 104, col 21 - rule expression - Not a list/dict for iteration!
2023-04-20 04:00:32,692 - INFO - log_request_stats: API call to [32mwalker_run[m completed in [33m0.074 seconds[m touched [33m26[m mem / [33m0[m redis / [33m18[m db  ([33m1.1kb[m) and saving [33m3[m objects.
2023-04-20 04:00:32,822 - INFO - proc_request: Incoming call to graph_node_view with {'nd': 'urn:uuid:5a7d6a4b-e93c-45a7-899d-9d7c385fe4f3', 'show_edges': True, 'detailed': True}
2023-04-20 04:00:32,836 - INFO - log_request_stats: API call to [32mgraph_node_view[m completed in [33m0.013 seconds[m touched [33m7[m mem / [33m0[m redis / [33m4[m db  ([33m0.4kb[m) and saving [33m1[m objects.
2023-04-20 04:00:44,028 - INFO - proc_request: Incoming call to walker_run with {'name': 'show_minors', 'nd': 'urn:uuid:5a7d6a4b-e93c-45a7-899d-9d7c385fe4f3', 'snt': 'urn:uuid:e90961d0-d29c-4af1-b357-e734c7539b08', 'ctx': {'': ''}}
2023-04-20 04:00:44,215 - INFO - log_request_stats: API call to [32mwalker_run[m completed in [33m0.185 seconds[m touched [33m42[m mem / [33m0[m redis / [33m27[m db  ([33m2.2kb[m) and saving [33m8[m objects.
2023-04-20 04:00:44,324 - INFO - proc_request: Incoming call to graph_node_view with {'nd': 'urn:uuid:5a7d6a4b-e93c-45a7-899d-9d7c385fe4f3', 'show_edges': True, 'detailed': True}
2023-04-20 04:00:44,346 - INFO - log_request_stats: API call to [32mgraph_node_view[m completed in [33m0.022 seconds[m touched [33m7[m mem / [33m0[m redis / [33m4[m db  ([33m0.4kb[m) and saving [33m1[m objects.
